[debug] [2022-06-21T16:35:22.339Z] ----------------------------------------------------------------------
[debug] [2022-06-21T16:35:22.341Z] Command:       C:\Program Files\nodejs\node.exe C:\Users\william\AppData\Roaming\npm\node_modules\firebase-tools\lib\bin\firebase.js init
[debug] [2022-06-21T16:35:22.342Z] CLI Version:   11.1.0
[debug] [2022-06-21T16:35:22.342Z] Platform:      win32
[debug] [2022-06-21T16:35:22.342Z] Node Version:  v16.13.2
[debug] [2022-06-21T16:35:22.343Z] Time:          Tue Jun 21 2022 13:35:22 GMT-0300 (Horário Padrão de Brasília)
[debug] [2022-06-21T16:35:22.343Z] ----------------------------------------------------------------------
[debug] 
[debug] [2022-06-21T16:35:22.351Z] > command requires scopes: ["email","openid","https://www.googleapis.com/auth/cloudplatformprojects.readonly","https://www.googleapis.com/auth/firebase","https://www.googleapis.com/auth/cloud-platform"]
[debug] [2022-06-21T16:35:22.352Z] > authorizing via signed-in user (wallacewilliam076@gmail.com)
[info] 
     ######## #### ########  ######## ########     ###     ######  ########
     ##        ##  ##     ## ##       ##     ##  ##   ##  ##       ##
     ######    ##  ########  ######   ########  #########  ######  ######
     ##        ##  ##    ##  ##       ##     ## ##     ##       ## ##
     ##       #### ##     ## ######## ########  ##     ##  ######  ########

You're about to initialize a Firebase project in this directory:

  C:\Users\william\Documents\projetosfrontend\next-crud

[info] 
=== Project Setup
[info] 
[info] First, let's associate this project directory with a Firebase project.
[info] You can create multiple project aliases by running firebase use --add, 
[info] but for now we'll just set up a default project.
[info] 
[debug] [2022-06-21T16:37:43.804Z] >>> [apiv2][query] GET https://firebase.googleapis.com/v1beta1/projects pageSize=100
[debug] [2022-06-21T16:37:45.279Z] <<< [apiv2][status] GET https://firebase.googleapis.com/v1beta1/projects 200
[debug] [2022-06-21T16:37:45.280Z] <<< [apiv2][body] GET https://firebase.googleapis.com/v1beta1/projects [omitted]
[info] i  Using project myfirebasecrud-79a7e (MYFIREBASECRUD) 
[info] 
=== Database Setup
[info] i  database: ensuring required API firebasedatabase.googleapis.com is enabled... 
[debug] [2022-06-21T16:37:49.327Z] >>> [apiv2][query] GET https://serviceusage.googleapis.com/v1/projects/myfirebasecrud-79a7e/services/firebasedatabase.googleapis.com [none]
[debug] [2022-06-21T16:37:50.694Z] <<< [apiv2][status] GET https://serviceusage.googleapis.com/v1/projects/myfirebasecrud-79a7e/services/firebasedatabase.googleapis.com 200
[debug] [2022-06-21T16:37:50.694Z] <<< [apiv2][body] GET https://serviceusage.googleapis.com/v1/projects/myfirebasecrud-79a7e/services/firebasedatabase.googleapis.com [omitted]
[warn] !  database: missing required API firebasedatabase.googleapis.com. Enabling now... 
[debug] [2022-06-21T16:37:50.697Z] >>> [apiv2][query] POST https://serviceusage.googleapis.com/v1/projects/myfirebasecrud-79a7e/services/firebasedatabase.googleapis.com:enable [none]
[debug] [2022-06-21T16:37:52.323Z] <<< [apiv2][status] POST https://serviceusage.googleapis.com/v1/projects/myfirebasecrud-79a7e/services/firebasedatabase.googleapis.com:enable 200
[debug] [2022-06-21T16:37:52.324Z] <<< [apiv2][body] POST https://serviceusage.googleapis.com/v1/projects/myfirebasecrud-79a7e/services/firebasedatabase.googleapis.com:enable [omitted]
[debug] [2022-06-21T16:38:02.333Z] >>> [apiv2][query] GET https://serviceusage.googleapis.com/v1/projects/myfirebasecrud-79a7e/services/firebasedatabase.googleapis.com [none]
[debug] [2022-06-21T16:38:03.586Z] <<< [apiv2][status] GET https://serviceusage.googleapis.com/v1/projects/myfirebasecrud-79a7e/services/firebasedatabase.googleapis.com 200
[debug] [2022-06-21T16:38:03.586Z] <<< [apiv2][body] GET https://serviceusage.googleapis.com/v1/projects/myfirebasecrud-79a7e/services/firebasedatabase.googleapis.com [omitted]
[info] +  database: required API firebasedatabase.googleapis.com is enabled 
[info] 
[debug] [2022-06-21T16:38:03.591Z] >>> [apiv2][query] GET https://firebase.googleapis.com/v1beta1/projects/myfirebasecrud-79a7e [none]
[debug] [2022-06-21T16:38:04.210Z] <<< [apiv2][status] GET https://firebase.googleapis.com/v1beta1/projects/myfirebasecrud-79a7e 200
[debug] [2022-06-21T16:38:04.211Z] <<< [apiv2][body] GET https://firebase.googleapis.com/v1beta1/projects/myfirebasecrud-79a7e {"projectId":"myfirebasecrud-79a7e","projectNumber":"861803242144","displayName":"MYFIREBASECRUD","name":"projects/myfirebasecrud-79a7e","resources":{"hostingSite":"myfirebasecrud-79a7e","storageBucket":"myfirebasecrud-79a7e.appspot.com","locationId":"us-central"},"state":"ACTIVE"}
[debug] [2022-06-21T16:38:27.095Z] >>> [apiv2][query] POST https://firebasedatabase.googleapis.com/v1beta/projects/myfirebasecrud-79a7e/locations/us-central1/instances databaseId=myfirebasecrud-79a7e-default-rtdb&validateOnly=true
[debug] [2022-06-21T16:38:27.095Z] >>> [apiv2][body] POST https://firebasedatabase.googleapis.com/v1beta/projects/myfirebasecrud-79a7e/locations/us-central1/instances {"type":"default_database"}
[debug] [2022-06-21T16:38:28.781Z] <<< [apiv2][status] POST https://firebasedatabase.googleapis.com/v1beta/projects/myfirebasecrud-79a7e/locations/us-central1/instances 200
[debug] [2022-06-21T16:38:28.782Z] <<< [apiv2][body] POST https://firebasedatabase.googleapis.com/v1beta/projects/myfirebasecrud-79a7e/locations/us-central1/instances {"name":"projects/861803242144/locations/us-central1/instances/myfirebasecrud-79a7e-default-rtdb","project":"projects/861803242144","databaseUrl":"https://myfirebasecrud-79a7e-default-rtdb.firebaseio.com","type":"DEFAULT_DATABASE","state":"ACTIVE"}
[debug] [2022-06-21T16:38:28.788Z] >>> [apiv2][query] POST https://firebasedatabase.googleapis.com/v1beta/projects/myfirebasecrud-79a7e/locations/us-central1/instances databaseId=myfirebasecrud-79a7e-default-rtdb
[debug] [2022-06-21T16:38:28.789Z] >>> [apiv2][body] POST https://firebasedatabase.googleapis.com/v1beta/projects/myfirebasecrud-79a7e/locations/us-central1/instances {"type":"default_database"}
[debug] [2022-06-21T16:38:30.516Z] <<< [apiv2][status] POST https://firebasedatabase.googleapis.com/v1beta/projects/myfirebasecrud-79a7e/locations/us-central1/instances 200
[debug] [2022-06-21T16:38:30.516Z] <<< [apiv2][body] POST https://firebasedatabase.googleapis.com/v1beta/projects/myfirebasecrud-79a7e/locations/us-central1/instances {"name":"projects/861803242144/locations/us-central1/instances/myfirebasecrud-79a7e-default-rtdb","project":"projects/861803242144","databaseUrl":"https://myfirebasecrud-79a7e-default-rtdb.firebaseio.com","type":"DEFAULT_DATABASE","state":"ACTIVE"}
[info] 
[info] Firebase Realtime Database Security Rules allow you to define how your data should be
[info] structured and when your data can be read from and written to.
[info] 
[debug] [2022-06-21T16:38:50.281Z] >>> [apiv2][query] GET https://myfirebasecrud-79a7e-default-rtdb.firebaseio.com/.settings/rules.json [none]
[debug] [2022-06-21T16:38:51.711Z] <<< [apiv2][status] GET https://myfirebasecrud-79a7e-default-rtdb.firebaseio.com/.settings/rules.json 200
[debug] [2022-06-21T16:38:51.712Z] <<< [apiv2][body] GET https://myfirebasecrud-79a7e-default-rtdb.firebaseio.com/.settings/rules.json [stream]
[info] +  Database Rules for myfirebasecrud-79a7e-default-rtdb have been written to database.rules.json. 
[info] Future modifications to database.rules.json will update Realtime Database Security Rules when you run
[info] firebase deploy.
[info] 
=== Firestore Setup
[debug] [2022-06-21T16:38:51.725Z] >>> [apiv2][query] GET https://serviceusage.googleapis.com/v1/projects/myfirebasecrud-79a7e/services/firestore.googleapis.com [none]
[debug] [2022-06-21T16:38:53.049Z] <<< [apiv2][status] GET https://serviceusage.googleapis.com/v1/projects/myfirebasecrud-79a7e/services/firestore.googleapis.com 200
[debug] [2022-06-21T16:38:53.050Z] <<< [apiv2][body] GET https://serviceusage.googleapis.com/v1/projects/myfirebasecrud-79a7e/services/firestore.googleapis.com [omitted]
[debug] [2022-06-21T16:38:53.052Z] >>> [apiv2][query] GET https://appengine.googleapis.com/v1/apps/myfirebasecrud-79a7e [none]
[debug] [2022-06-21T16:38:53.867Z] <<< [apiv2][status] GET https://appengine.googleapis.com/v1/apps/myfirebasecrud-79a7e 200
[debug] [2022-06-21T16:38:53.867Z] <<< [apiv2][body] GET https://appengine.googleapis.com/v1/apps/myfirebasecrud-79a7e {"name":"apps/myfirebasecrud-79a7e","id":"myfirebasecrud-79a7e","authDomain":"gmail.com","locationId":"us-central","codeBucket":"staging.myfirebasecrud-79a7e.appspot.com","servingStatus":"SERVING","defaultHostname":"myfirebasecrud-79a7e.uc.r.appspot.com","defaultBucket":"myfirebasecrud-79a7e.appspot.com","serviceAccount":"myfirebasecrud-79a7e@appspot.gserviceaccount.com","gcrDomain":"us.gcr.io","databaseType":"CLOUD_FIRESTORE","featureSettings":{"splitHealthChecks":true,"useContainerOptimizedOs":true}}
[debug] [2022-06-21T16:38:53.868Z] database_type: CLOUD_FIRESTORE
[debug] [2022-06-21T16:38:53.869Z] > command requires scopes: ["email","openid","https://www.googleapis.com/auth/cloudplatformprojects.readonly","https://www.googleapis.com/auth/firebase","https://www.googleapis.com/auth/cloud-platform"]
[debug] [2022-06-21T16:38:53.870Z] > authorizing via signed-in user (wallacewilliam076@gmail.com)
[debug] [2022-06-21T16:38:53.870Z] [iam] checking project myfirebasecrud-79a7e for permissions ["firebase.projects.get"]
[debug] [2022-06-21T16:38:53.872Z] >>> [apiv2][query] POST https://cloudresourcemanager.googleapis.com/v1/projects/myfirebasecrud-79a7e:testIamPermissions [none]
[debug] [2022-06-21T16:38:53.872Z] >>> [apiv2][body] POST https://cloudresourcemanager.googleapis.com/v1/projects/myfirebasecrud-79a7e:testIamPermissions {"permissions":["firebase.projects.get"]}
[debug] [2022-06-21T16:38:54.992Z] <<< [apiv2][status] POST https://cloudresourcemanager.googleapis.com/v1/projects/myfirebasecrud-79a7e:testIamPermissions 200
[debug] [2022-06-21T16:38:54.993Z] <<< [apiv2][body] POST https://cloudresourcemanager.googleapis.com/v1/projects/myfirebasecrud-79a7e:testIamPermissions {"permissions":["firebase.projects.get"]}
[info] 
[info] Firestore Security Rules allow you to define how and when to allow
[info] requests. You can keep these rules in your project directory
[info] and publish them with firebase deploy.
[info] 
[debug] [2022-06-21T16:39:19.280Z] >>> [apiv2][query] GET https://firebaserules.googleapis.com/v1/projects/myfirebasecrud-79a7e/releases pageSize=10&pageToken=
[debug] [2022-06-21T16:39:20.693Z] <<< [apiv2][status] GET https://firebaserules.googleapis.com/v1/projects/myfirebasecrud-79a7e/releases 200
[debug] [2022-06-21T16:39:20.694Z] <<< [apiv2][body] GET https://firebaserules.googleapis.com/v1/projects/myfirebasecrud-79a7e/releases {"releases":[{"name":"projects/myfirebasecrud-79a7e/releases/cloud.firestore","rulesetName":"projects/myfirebasecrud-79a7e/rulesets/1057fe07-9de0-4778-971c-0c92890090a1","createTime":"2022-06-19T14:16:34.007655Z","updateTime":"2022-06-19T14:16:34.007655Z"}]}
[debug] [2022-06-21T16:39:20.695Z] Found ruleset: projects/myfirebasecrud-79a7e/rulesets/1057fe07-9de0-4778-971c-0c92890090a1
[debug] [2022-06-21T16:39:20.696Z] >>> [apiv2][query] GET https://firebaserules.googleapis.com/v1/projects/myfirebasecrud-79a7e/rulesets/1057fe07-9de0-4778-971c-0c92890090a1 [none]
[debug] [2022-06-21T16:39:21.920Z] <<< [apiv2][status] GET https://firebaserules.googleapis.com/v1/projects/myfirebasecrud-79a7e/rulesets/1057fe07-9de0-4778-971c-0c92890090a1 200
[debug] [2022-06-21T16:39:21.921Z] <<< [apiv2][body] GET https://firebaserules.googleapis.com/v1/projects/myfirebasecrud-79a7e/rulesets/1057fe07-9de0-4778-971c-0c92890090a1 [omitted]
[info] 
[info] Firestore indexes allow you to perform complex queries while
[info] maintaining performance that scales with the size of the result
[info] set. You can keep index definitions in your project directory
[info] and publish them with firebase deploy.
[info] 
[debug] [2022-06-21T16:39:23.728Z] >>> [apiv2][query] GET https://firestore.googleapis.com/v1/projects/myfirebasecrud-79a7e/databases/(default)/collectionGroups/-/indexes [none]
[debug] [2022-06-21T16:39:23.730Z] >>> [apiv2][query] GET https://firestore.googleapis.com/v1/projects/myfirebasecrud-79a7e/databases/(default)/collectionGroups/-/fields?filter=indexConfig.usesAncestorConfig=false [none]
[debug] [2022-06-21T16:39:25.203Z] <<< [apiv2][status] GET https://firestore.googleapis.com/v1/projects/myfirebasecrud-79a7e/databases/(default)/collectionGroups/-/indexes 200
[debug] [2022-06-21T16:39:25.204Z] <<< [apiv2][body] GET https://firestore.googleapis.com/v1/projects/myfirebasecrud-79a7e/databases/(default)/collectionGroups/-/indexes {}
[debug] [2022-06-21T16:39:25.207Z] <<< [apiv2][status] GET https://firestore.googleapis.com/v1/projects/myfirebasecrud-79a7e/databases/(default)/collectionGroups/-/fields?filter=indexConfig.usesAncestorConfig=false 200
[debug] [2022-06-21T16:39:25.207Z] <<< [apiv2][body] GET https://firestore.googleapis.com/v1/projects/myfirebasecrud-79a7e/databases/(default)/collectionGroups/-/fields?filter=indexConfig.usesAncestorConfig=false {"fields":[{"name":"projects/myfirebasecrud-79a7e/databases/(default)/collectionGroups/__default__/fields/*","indexConfig":{"indexes":[{"queryScope":"COLLECTION","fields":[{"fieldPath":"*","order":"ASCENDING"}],"state":"READY"},{"queryScope":"COLLECTION","fields":[{"fieldPath":"*","order":"DESCENDING"}],"state":"READY"},{"queryScope":"COLLECTION","fields":[{"fieldPath":"*","arrayConfig":"CONTAINS"}],"state":"READY"}]}}]}
[info] 
=== Functions Setup
[info] 
[info] A functions directory will be created in your project with sample code
[info] pre-configured. Functions can be deployed with firebase deploy.
[info] 
[debug] [2022-06-21T16:39:25.220Z] > command requires scopes: ["email","openid","https://www.googleapis.com/auth/cloudplatformprojects.readonly","https://www.googleapis.com/auth/firebase","https://www.googleapis.com/auth/cloud-platform"]
[debug] [2022-06-21T16:39:25.221Z] > authorizing via signed-in user (wallacewilliam076@gmail.com)
[debug] [2022-06-21T16:39:25.222Z] [iam] checking project myfirebasecrud-79a7e for permissions ["firebase.projects.get"]
[debug] [2022-06-21T16:39:25.223Z] >>> [apiv2][query] POST https://cloudresourcemanager.googleapis.com/v1/projects/myfirebasecrud-79a7e:testIamPermissions [none]
[debug] [2022-06-21T16:39:25.223Z] >>> [apiv2][body] POST https://cloudresourcemanager.googleapis.com/v1/projects/myfirebasecrud-79a7e:testIamPermissions {"permissions":["firebase.projects.get"]}
[debug] [2022-06-21T16:39:26.327Z] <<< [apiv2][status] POST https://cloudresourcemanager.googleapis.com/v1/projects/myfirebasecrud-79a7e:testIamPermissions 200
[debug] [2022-06-21T16:39:26.328Z] <<< [apiv2][body] POST https://cloudresourcemanager.googleapis.com/v1/projects/myfirebasecrud-79a7e:testIamPermissions {"permissions":["firebase.projects.get"]}
[debug] [2022-06-21T16:39:26.329Z] >>> [apiv2][query] GET https://serviceusage.googleapis.com/v1/projects/myfirebasecrud-79a7e/services/cloudfunctions.googleapis.com [none]
[debug] [2022-06-21T16:39:26.332Z] >>> [apiv2][query] GET https://serviceusage.googleapis.com/v1/projects/myfirebasecrud-79a7e/services/runtimeconfig.googleapis.com [none]
[debug] [2022-06-21T16:39:27.561Z] <<< [apiv2][status] GET https://serviceusage.googleapis.com/v1/projects/myfirebasecrud-79a7e/services/runtimeconfig.googleapis.com 200
[debug] [2022-06-21T16:39:27.561Z] <<< [apiv2][body] GET https://serviceusage.googleapis.com/v1/projects/myfirebasecrud-79a7e/services/runtimeconfig.googleapis.com [omitted]
[debug] [2022-06-21T16:39:27.564Z] <<< [apiv2][status] GET https://serviceusage.googleapis.com/v1/projects/myfirebasecrud-79a7e/services/cloudfunctions.googleapis.com 200
[debug] [2022-06-21T16:39:27.565Z] <<< [apiv2][body] GET https://serviceusage.googleapis.com/v1/projects/myfirebasecrud-79a7e/services/cloudfunctions.googleapis.com [omitted]
[debug] [2022-06-21T16:39:27.566Z] >>> [apiv2][query] POST https://serviceusage.googleapis.com/v1/projects/myfirebasecrud-79a7e/services/cloudfunctions.googleapis.com:enable [none]
[debug] [2022-06-21T16:39:29.705Z] <<< [apiv2][status] POST https://serviceusage.googleapis.com/v1/projects/myfirebasecrud-79a7e/services/cloudfunctions.googleapis.com:enable 200
[debug] [2022-06-21T16:39:29.706Z] <<< [apiv2][body] POST https://serviceusage.googleapis.com/v1/projects/myfirebasecrud-79a7e/services/cloudfunctions.googleapis.com:enable [omitted]
[debug] [2022-06-21T16:39:39.714Z] >>> [apiv2][query] GET https://serviceusage.googleapis.com/v1/projects/myfirebasecrud-79a7e/services/cloudfunctions.googleapis.com [none]
[debug] [2022-06-21T16:39:40.924Z] <<< [apiv2][status] GET https://serviceusage.googleapis.com/v1/projects/myfirebasecrud-79a7e/services/cloudfunctions.googleapis.com 200
[debug] [2022-06-21T16:39:40.924Z] <<< [apiv2][body] GET https://serviceusage.googleapis.com/v1/projects/myfirebasecrud-79a7e/services/cloudfunctions.googleapis.com [omitted]
[info] +  Wrote functions/package.json 
[info] +  Wrote functions/.eslintrc.js 
[info] +  Wrote functions/tsconfig.json 
[info] +  Wrote functions/tsconfig.dev.json 
[info] +  Wrote functions/src/index.ts 
[info] +  Wrote functions/.gitignore 
[info] 
=== Hosting Setup
[info] 
[info] Your public directory is the folder (relative to your project directory) that
[info] will contain Hosting assets to be uploaded with firebase deploy. If you
[info] have a build process for your assets, use your build's output directory.
[info] 
